\BOOKMARK [0][-]{label:frontpage.0}{Front page}{}% 1
\BOOKMARK [0][-]{label:titlepage_en.0}{English title page}{}% 2
\BOOKMARK [0][-]{label:contents.0}{Contents}{}% 3
\BOOKMARK [0][-]{chapter.1}{1 Introduction}{}% 4
\BOOKMARK [1][-]{section.1.1}{1.1 General introduction}{chapter.1}% 5
\BOOKMARK [1][-]{section.1.2}{1.2 Objectives}{chapter.1}% 6
\BOOKMARK [1][-]{section.1.3}{1.3 Scope of Work}{chapter.1}% 7
\BOOKMARK [1][-]{section.1.4}{1.4 Limitations}{chapter.1}% 8
\BOOKMARK [1][-]{section.1.5}{1.5 Glossaries}{chapter.1}% 9
\BOOKMARK [0][-]{chapter.2}{2 Preliminary Assessment and Data Gathering}{}% 10
\BOOKMARK [1][-]{section.2.1}{2.1 Maynilad's data}{chapter.2}% 11
\BOOKMARK [2][-]{subsection.2.1.1}{2.1.1 Intervention records}{section.2.1}% 12
\BOOKMARK [2][-]{subsection.2.1.2}{2.1.2 Interview data}{section.2.1}% 13
\BOOKMARK [2][-]{subsection.2.1.3}{2.1.3 Asset hierarchy}{section.2.1}% 14
\BOOKMARK [1][-]{section.2.2}{2.2 Preliminary assessment}{chapter.2}% 15
\BOOKMARK [1][-]{section.2.3}{2.3 Summary of the inspection test plan \(ITP\)}{chapter.2}% 16
\BOOKMARK [2][-]{subsection.2.3.1}{2.3.1 Mechanical Audit}{section.2.3}% 17
\BOOKMARK [2][-]{subsection.2.3.2}{2.3.2 Fire protection and safety \(FDAS\) audit}{section.2.3}% 18
\BOOKMARK [2][-]{subsection.2.3.3}{2.3.3 Vibration and structural assessment}{section.2.3}% 19
\BOOKMARK [2][-]{subsection.2.3.4}{2.3.4 Workplace environment management}{section.2.3}% 20
\BOOKMARK [1][-]{section.2.4}{2.4 Database}{chapter.2}% 21
\BOOKMARK [0][-]{chapter.3}{3 Methodology}{}% 22
\BOOKMARK [1][-]{section.3.1}{3.1 The Integrated Asset Management Approach \(IAM\)}{chapter.3}% 23
\BOOKMARK [1][-]{section.3.2}{3.2 Deterioration process and rating index}{chapter.3}% 24
\BOOKMARK [1][-]{section.3.3}{3.3 Condition State \(CS\) definition}{chapter.3}% 25
\BOOKMARK [1][-]{section.3.4}{3.4 Technical efficiency}{chapter.3}% 26
\BOOKMARK [1][-]{section.3.5}{3.5 Reliability}{chapter.3}% 27
\BOOKMARK [2][-]{subsection.3.5.1}{3.5.1 Qualitative and Operational Analysis}{section.3.5}% 28
\BOOKMARK [2][-]{subsection.3.5.2}{3.5.2 Fault Tree Analysis \(FTA\)}{section.3.5}% 29
\BOOKMARK [2][-]{subsection.3.5.3}{3.5.3 Herz model}{section.3.5}% 30
\BOOKMARK [2][-]{subsection.3.5.4}{3.5.4 Weibull model}{section.3.5}% 31
\BOOKMARK [2][-]{subsection.3.5.5}{3.5.5 Markov model}{section.3.5}% 32
\BOOKMARK [1][-]{section.3.6}{3.6 Intervention Strategy \(IS\)}{chapter.3}% 33
\BOOKMARK [1][-]{section.3.7}{3.7 Determination of optimal intervention strategy}{chapter.3}% 34
\BOOKMARK [2][-]{subsection.3.7.1}{3.7.1 Block Replacement Model}{section.3.7}% 35
\BOOKMARK [2][-]{subsection.3.7.2}{3.7.2 Time-dependent replacement model}{section.3.7}% 36
\BOOKMARK [1][-]{section.3.8}{3.8 Return on Investment \(ROI\)}{chapter.3}% 37
\BOOKMARK [0][-]{chapter.4}{4 Data and Analysis}{}% 38
\BOOKMARK [1][-]{section.4.1}{4.1 Qualitative and Operational Analysis}{chapter.4}% 39
\BOOKMARK [2][-]{subsection.4.1.1}{4.1.1 Facts and Data}{section.4.1}% 40
\BOOKMARK [2][-]{subsection.4.1.2}{4.1.2 Recommendations}{section.4.1}% 41
\BOOKMARK [1][-]{section.4.2}{4.2 Pump discharge and suction pipe - thickness}{chapter.4}% 42
\BOOKMARK [2][-]{subsection.4.2.1}{4.2.1 Data and measurement}{section.4.2}% 43
\BOOKMARK [2][-]{subsection.4.2.2}{4.2.2 Analysis}{section.4.2}% 44
\BOOKMARK [1][-]{section.4.3}{4.3 Visual Inspection on Pipe, valves, fittings, supports, expansions, and appurtenances}{chapter.4}% 45
\BOOKMARK [2][-]{subsection.4.3.1}{4.3.1 Highlights}{section.4.3}% 46
\BOOKMARK [2][-]{subsection.4.3.2}{4.3.2 Visual inspection data}{section.4.3}% 47
\BOOKMARK [2][-]{subsection.4.3.3}{4.3.3 Observation and recommendations}{section.4.3}% 48
\BOOKMARK [1][-]{section.4.4}{4.4 Pump efficiency}{chapter.4}% 49
\BOOKMARK [2][-]{subsection.4.4.1}{4.4.1 Unit flow measurement}{section.4.4}% 50
\BOOKMARK [2][-]{subsection.4.4.2}{4.4.2 Pressure measurement}{section.4.4}% 51
\BOOKMARK [2][-]{subsection.4.4.3}{4.4.3 Efficiency}{section.4.4}% 52
\BOOKMARK [1][-]{section.4.5}{4.5 Vibration and structural assessment}{chapter.4}% 53
\BOOKMARK [2][-]{subsection.4.5.1}{4.5.1 Measurement and spectrum reading}{section.4.5}% 54
\BOOKMARK [2][-]{subsection.4.5.2}{4.5.2 Data and analysis}{section.4.5}% 55
\BOOKMARK [2][-]{subsection.4.5.3}{4.5.3 Recommendations}{section.4.5}% 56
\BOOKMARK [1][-]{section.4.6}{4.6 Energy management audit}{chapter.4}% 57
\BOOKMARK [2][-]{subsection.4.6.1}{4.6.1 Production and power data}{section.4.6}% 58
\BOOKMARK [2][-]{subsection.4.6.2}{4.6.2 Measurement errors}{section.4.6}% 59
\BOOKMARK [2][-]{subsection.4.6.3}{4.6.3 Data compilation for analysis}{section.4.6}% 60
\BOOKMARK [2][-]{subsection.4.6.4}{4.6.4 Analysis}{section.4.6}% 61
\BOOKMARK [2][-]{subsection.4.6.5}{4.6.5 Recommendation}{section.4.6}% 62
\BOOKMARK [1][-]{section.4.7}{4.7 Workplace environment management}{chapter.4}% 63
\BOOKMARK [2][-]{subsection.4.7.1}{4.7.1 Temperature and relative humidity}{section.4.7}% 64
\BOOKMARK [2][-]{subsection.4.7.2}{4.7.2 Air quality}{section.4.7}% 65
\BOOKMARK [2][-]{subsection.4.7.3}{4.7.3 Illumination}{section.4.7}% 66
\BOOKMARK [2][-]{subsection.4.7.4}{4.7.4 Industrial ventilation}{section.4.7}% 67
\BOOKMARK [2][-]{subsection.4.7.5}{4.7.5 Housekeeping}{section.4.7}% 68
\BOOKMARK [2][-]{subsection.4.7.6}{4.7.6 Noise}{section.4.7}% 69
\BOOKMARK [1][-]{section.4.8}{4.8 Fire protection and safety \(FDAS\) audit}{chapter.4}% 70
\BOOKMARK [2][-]{subsection.4.8.1}{4.8.1 Fire alarm and detection system}{section.4.8}% 71
\BOOKMARK [2][-]{subsection.4.8.2}{4.8.2 Lighting protection system}{section.4.8}% 72
\BOOKMARK [2][-]{subsection.4.8.3}{4.8.3 Ground-Fault circuit interrupter \(GFCI\) or electric leakage circuit breaker \(ELCB\) or Residual circuit devices \(RCD\)}{section.4.8}% 73
\BOOKMARK [2][-]{subsection.4.8.4}{4.8.4 Electrical safety and protective devices}{section.4.8}% 74
\BOOKMARK [0][-]{chapter.5}{5 Conceptual Design and Reliability Study}{}% 75
\BOOKMARK [1][-]{section.5.1}{5.1 Basis of Design}{chapter.5}% 76
\BOOKMARK [2][-]{subsection.5.1.1}{5.1.1 As-built drawings}{section.5.1}% 77
\BOOKMARK [2][-]{subsection.5.1.2}{5.1.2 Mechanical design}{section.5.1}% 78
\BOOKMARK [2][-]{subsection.5.1.3}{5.1.3 FDAS design}{section.5.1}% 79
\BOOKMARK [2][-]{subsection.5.1.4}{5.1.4 WEM design}{section.5.1}% 80
\BOOKMARK [1][-]{section.5.2}{5.2 Bill of Materials}{chapter.5}% 81
\BOOKMARK [1][-]{section.5.3}{5.3 Determination of optimal intervention strategies}{chapter.5}% 82
\BOOKMARK [2][-]{subsection.5.3.1}{5.3.1 Reliability}{section.5.3}% 83
\BOOKMARK [2][-]{subsection.5.3.2}{5.3.2 Impacts}{section.5.3}% 84
\BOOKMARK [2][-]{subsection.5.3.3}{5.3.3 Optimal Time Window and Impacts}{section.5.3}% 85
\BOOKMARK [2][-]{subsection.5.3.4}{5.3.4 Sensitivity analysis}{section.5.3}% 86
\BOOKMARK [1][-]{section.5.4}{5.4 Return on Investment}{chapter.5}% 87
\BOOKMARK [0][-]{chapter.6}{6 Conclusions and Recommendations}{}% 88
\BOOKMARK [1][-]{section.6.1}{6.1 Conclusions}{chapter.6}% 89
\BOOKMARK [1][-]{section.6.2}{6.2 Recommendations}{chapter.6}% 90
\BOOKMARK [0][-]{appendix.A}{A Vibration Data}{}% 91
\BOOKMARK [0][-]{appendix.B}{B Recommended Maintenance Program}{}% 92
\BOOKMARK [0][-]{appendix.C}{C Conceptual Design}{}% 93
\BOOKMARK [1][-]{section.C.1}{C.1 Mechanical}{appendix.C}% 94
\BOOKMARK [1][-]{section.C.2}{C.2 WEM}{appendix.C}% 95
\BOOKMARK [1][-]{section.C.3}{C.3 FDAS}{appendix.C}% 96
\BOOKMARK [1][-]{section.C.4}{C.4 Bill of Quantity}{appendix.C}% 97
