\BOOKMARK [0][-]{label:frontpage.0}{Front page}{}% 1
\BOOKMARK [0][-]{label:titlepage_en.0}{English title page}{}% 2
\BOOKMARK [0][-]{label:contents.0}{Contents}{}% 3
\BOOKMARK [0][-]{chapter.1}{1 Introduction}{}% 4
\BOOKMARK [1][-]{section.1.1}{1.1 General introduction}{chapter.1}% 5
\BOOKMARK [1][-]{section.1.2}{1.2 Objectives}{chapter.1}% 6
\BOOKMARK [1][-]{section.1.3}{1.3 Scope of Work}{chapter.1}% 7
\BOOKMARK [1][-]{section.1.4}{1.4 Limitations}{chapter.1}% 8
\BOOKMARK [1][-]{section.1.5}{1.5 Glossaries}{chapter.1}% 9
\BOOKMARK [0][-]{chapter.2}{2 Preliminary Assessment and Data Gathering}{}% 10
\BOOKMARK [1][-]{section.2.1}{2.1 Maynilad's data}{chapter.2}% 11
\BOOKMARK [2][-]{subsection.2.1.1}{2.1.1 Intervention records}{section.2.1}% 12
\BOOKMARK [2][-]{subsection.2.1.2}{2.1.2 Interview data}{section.2.1}% 13
\BOOKMARK [2][-]{subsection.2.1.3}{2.1.3 Asset hierarchy}{section.2.1}% 14
\BOOKMARK [1][-]{section.2.2}{2.2 Preliminary assessment}{chapter.2}% 15
\BOOKMARK [1][-]{section.2.3}{2.3 Summary of the inspection test plan \(ITP\)}{chapter.2}% 16
\BOOKMARK [2][-]{subsection.2.3.1}{2.3.1 Mechanical Audit}{section.2.3}% 17
\BOOKMARK [2][-]{subsection.2.3.2}{2.3.2 Vibration and structural assessment}{section.2.3}% 18
\BOOKMARK [2][-]{subsection.2.3.3}{2.3.3 Workplace environment management}{section.2.3}% 19
\BOOKMARK [1][-]{section.2.4}{2.4 Database}{chapter.2}% 20
\BOOKMARK [0][-]{chapter.3}{3 Methodology}{}% 21
\BOOKMARK [1][-]{section.3.1}{3.1 The Integrated Asset Management Approach \(IAM\)}{chapter.3}% 22
\BOOKMARK [1][-]{section.3.2}{3.2 Deterioration process and rating index}{chapter.3}% 23
\BOOKMARK [1][-]{section.3.3}{3.3 Condition State \(CS\) definition}{chapter.3}% 24
\BOOKMARK [1][-]{section.3.4}{3.4 Technical efficiency}{chapter.3}% 25
\BOOKMARK [1][-]{section.3.5}{3.5 Reliability}{chapter.3}% 26
\BOOKMARK [2][-]{subsection.3.5.1}{3.5.1 Qualitative and Operational Analysis}{section.3.5}% 27
\BOOKMARK [2][-]{subsection.3.5.2}{3.5.2 Weibull model}{section.3.5}% 28
\BOOKMARK [2][-]{subsection.3.5.3}{3.5.3 Markov model}{section.3.5}% 29
\BOOKMARK [1][-]{section.3.6}{3.6 Intervention Strategy \(IS\)}{chapter.3}% 30
\BOOKMARK [1][-]{section.3.7}{3.7 Determination of optimal intervention strategy}{chapter.3}% 31
\BOOKMARK [2][-]{subsection.3.7.1}{3.7.1 Block Replacement Model}{section.3.7}% 32
\BOOKMARK [2][-]{subsection.3.7.2}{3.7.2 Time-dependent replacement model}{section.3.7}% 33
\BOOKMARK [0][-]{chapter.4}{4 Data and Analysis}{}% 34
\BOOKMARK [1][-]{section.4.1}{4.1 Qualitative and Operational Analysis}{chapter.4}% 35
\BOOKMARK [2][-]{subsection.4.1.1}{4.1.1 Facts and Data}{section.4.1}% 36
\BOOKMARK [2][-]{subsection.4.1.2}{4.1.2 Recommendations}{section.4.1}% 37
\BOOKMARK [1][-]{section.4.2}{4.2 Pump discharge pipe - thickness}{chapter.4}% 38
\BOOKMARK [2][-]{subsection.4.2.1}{4.2.1 Data and measurement}{section.4.2}% 39
\BOOKMARK [2][-]{subsection.4.2.2}{4.2.2 Analysis}{section.4.2}% 40
\BOOKMARK [1][-]{section.4.3}{4.3 Visual Inspection on Pipe, valves, fittings, supports, expansions, and appurtenances}{chapter.4}% 41
\BOOKMARK [2][-]{subsection.4.3.1}{4.3.1 Highlights}{section.4.3}% 42
\BOOKMARK [2][-]{subsection.4.3.2}{4.3.2 Visual inspection data}{section.4.3}% 43
\BOOKMARK [2][-]{subsection.4.3.3}{4.3.3 Recommendations}{section.4.3}% 44
\BOOKMARK [1][-]{section.4.4}{4.4 Vibration and structural assessment}{chapter.4}% 45
\BOOKMARK [2][-]{subsection.4.4.1}{4.4.1 Measurement and spectrum reading}{section.4.4}% 46
\BOOKMARK [2][-]{subsection.4.4.2}{4.4.2 Data and analysis}{section.4.4}% 47
\BOOKMARK [2][-]{subsection.4.4.3}{4.4.3 Recommendations}{section.4.4}% 48
\BOOKMARK [1][-]{section.4.5}{4.5 Workplace environment management}{chapter.4}% 49
\BOOKMARK [2][-]{subsection.4.5.1}{4.5.1 Temperature and relative humidity}{section.4.5}% 50
\BOOKMARK [2][-]{subsection.4.5.2}{4.5.2 Air quality}{section.4.5}% 51
\BOOKMARK [2][-]{subsection.4.5.3}{4.5.3 Illumination}{section.4.5}% 52
\BOOKMARK [2][-]{subsection.4.5.4}{4.5.4 Industrial ventilation}{section.4.5}% 53
\BOOKMARK [2][-]{subsection.4.5.5}{4.5.5 Housekeeping}{section.4.5}% 54
\BOOKMARK [2][-]{subsection.4.5.6}{4.5.6 Noise}{section.4.5}% 55
\BOOKMARK [0][-]{chapter*.82}{Bibliography}{}% 56
\BOOKMARK [0][-]{appendix.A}{A Recommended Maintenance Program}{}% 57
\BOOKMARK [0][-]{appendix.B}{B Vibration Data}{}% 58
