\BOOKMARK [0][-]{label:frontpage.0}{Front page}{}% 1
\BOOKMARK [0][-]{label:titlepage_en.0}{English title page}{}% 2
\BOOKMARK [0][-]{label:contents.0}{Contents}{}% 3
\BOOKMARK [0][-]{chapter.1}{1 Introduction}{}% 4
\BOOKMARK [1][-]{section.1.1}{1.1 General introduction}{chapter.1}% 5
\BOOKMARK [1][-]{section.1.2}{1.2 Objectives}{chapter.1}% 6
\BOOKMARK [1][-]{section.1.3}{1.3 Scope of Work}{chapter.1}% 7
\BOOKMARK [1][-]{section.1.4}{1.4 Limitations}{chapter.1}% 8
\BOOKMARK [1][-]{section.1.5}{1.5 Glossaries}{chapter.1}% 9
\BOOKMARK [0][-]{chapter.2}{2 Data and Analysis}{}% 10
\BOOKMARK [1][-]{section.2.1}{2.1 Visual inspection on electrical assets}{chapter.2}% 11
\BOOKMARK [1][-]{section.2.2}{2.2 Short circuit calculations and evaluation}{chapter.2}% 12
\BOOKMARK [2][-]{subsection.2.2.1}{2.2.1 Short circuit calculation}{section.2.2}% 13
\BOOKMARK [2][-]{subsection.2.2.2}{2.2.2 Evaluation of protective devices and bus bars}{section.2.2}% 14
\BOOKMARK [1][-]{section.2.3}{2.3 Voltage drop calculation}{chapter.2}% 15
\BOOKMARK [1][-]{section.2.4}{2.4 Load flow study}{chapter.2}% 16
\BOOKMARK [2][-]{subsection.2.4.1}{2.4.1 Analysis based on design}{section.2.4}% 17
\BOOKMARK [2][-]{subsection.2.4.2}{2.4.2 Analysis based on measured data from the PQA}{section.2.4}% 18
\BOOKMARK [1][-]{section.2.5}{2.5 Protection coordination study}{chapter.2}% 19
\BOOKMARK [1][-]{section.2.6}{2.6 Harmonic study}{chapter.2}% 20
\BOOKMARK [2][-]{subsection.2.6.1}{2.6.1 As per design}{section.2.6}% 21
\BOOKMARK [2][-]{subsection.2.6.2}{2.6.2 Per actual}{section.2.6}% 22
\BOOKMARK [1][-]{section.2.7}{2.7 Power quality analysis}{chapter.2}% 23
\BOOKMARK [2][-]{subsection.2.7.1}{2.7.1 Objectives and expected outcomes}{section.2.7}% 24
\BOOKMARK [2][-]{subsection.2.7.2}{2.7.2 Basic}{section.2.7}% 25
\BOOKMARK [2][-]{subsection.2.7.3}{2.7.3 Results}{section.2.7}% 26
\BOOKMARK [2][-]{subsection.2.7.4}{2.7.4 Conclusion and Recommendations}{section.2.7}% 27
\BOOKMARK [1][-]{section.2.8}{2.8 Grounding system study}{chapter.2}% 28
\BOOKMARK [1][-]{section.2.9}{2.9 Electrical system design and analysis}{chapter.2}% 29
\BOOKMARK [2][-]{subsection.2.9.1}{2.9.1 Basics}{section.2.9}% 30
\BOOKMARK [2][-]{subsection.2.9.2}{2.9.2 Results}{section.2.9}% 31
\BOOKMARK [2][-]{subsection.2.9.3}{2.9.3 Recommendations}{section.2.9}% 32
\BOOKMARK [1][-]{section.2.10}{2.10 Electrical Integrity}{chapter.2}% 33
\BOOKMARK [2][-]{subsection.2.10.1}{2.10.1 Basic for testing}{section.2.10}% 34
\BOOKMARK [2][-]{subsection.2.10.2}{2.10.2 Results}{section.2.10}% 35
\BOOKMARK [1][-]{section.2.11}{2.11 Fire protection and safety \(FDAS\) audit}{chapter.2}% 36
\BOOKMARK [2][-]{subsection.2.11.1}{2.11.1 Fire alarm and detection system}{section.2.11}% 37
\BOOKMARK [2][-]{subsection.2.11.2}{2.11.2 Lighting protection system}{section.2.11}% 38
\BOOKMARK [2][-]{subsection.2.11.3}{2.11.3 Ground-Fault circuit interrupter \(GFCI\) or electric leakage circuit breaker \(ELCB\) or Residual circuit devices \(RCD\)}{section.2.11}% 39
\BOOKMARK [2][-]{subsection.2.11.4}{2.11.4 Electrical safety and protective devices}{section.2.11}% 40
\BOOKMARK [0][-]{appendix.A}{A Load Flow Analysis}{}% 41
\BOOKMARK [0][-]{appendix.B}{B Harmonic Analysis}{}% 42
\BOOKMARK [0][-]{appendix.C}{C Power Quality Study}{}% 43
\BOOKMARK [0][-]{appendix.D}{D Drawings}{}% 44
